<?xml version="1.0" encoding="UTF-8" ?>
<testsuite failures="0" time="0.515" errors="0" skipped="0" tests="9" name="search.TestCases">
  <properties>
    <property name="java.runtime.name" value="Java(TM) SE Runtime Environment"/>
    <property name="sun.boot.library.path" value="C:\timwe\java\jdk\jre\bin"/>
    <property name="java.vm.version" value="19.1-b02"/>
    <property name="java.vm.vendor" value="Sun Microsystems Inc."/>
    <property name="java.vendor.url" value="http://java.sun.com/"/>
    <property name="path.separator" value=";"/>
    <property name="guice.disable.misplaced.annotation.check" value="true"/>
    <property name="java.vm.name" value="Java HotSpot(TM) 64-Bit Server VM"/>
    <property name="file.encoding.pkg" value="sun.io"/>
    <property name="user.country" value="MY"/>
    <property name="sun.java.launcher" value="SUN_STANDARD"/>
    <property name="sun.os.patch.level" value="Service Pack 1"/>
    <property name="java.vm.specification.name" value="Java Virtual Machine Specification"/>
    <property name="user.dir" value="C:\timwe\workspace\pim_new\util-my-celcom-sg-inmemory-search"/>
    <property name="java.runtime.version" value="1.6.0_24-b07"/>
    <property name="java.awt.graphicsenv" value="sun.awt.Win32GraphicsEnvironment"/>
    <property name="java.endorsed.dirs" value="C:\timwe\java\jdk\jre\lib\endorsed"/>
    <property name="os.arch" value="amd64"/>
    <property name="java.io.tmpdir" value="C:\Users\yoong.han\AppData\Local\Temp\"/>
    <property name="line.separator" value="
"/>
    <property name="java.vm.specification.vendor" value="Sun Microsystems Inc."/>
    <property name="user.variant" value=""/>
    <property name="os.name" value="Windows 7"/>
    <property name="classworlds.conf" value="C:\timwe\workspace\pim_new\.metadata\.plugins\org.eclipse.m2e.core\launches\m2conf2966696644912688093.tmp"/>
    <property name="sun.jnu.encoding" value="Cp1252"/>
    <property name="java.library.path" value="C:\timwe\java\jdk\bin;.;C:\windows\Sun\Java\bin;C:\windows\system32;C:\windows;c:\Program Files (x86)\Intel\iCLS Client\;c:\Program Files\Intel\iCLS Client\;C:\windows\system32;C:\windows;C:\windows\System32\Wbem;C:\windows\System32\WindowsPowerShell\v1.0\;c:\Program Files (x86)\Hewlett-Packard\HP ProtectTools Security Manager\Bin\;C:\Program Files\WIDCOMM\Bluetooth Software\;C:\Program Files\WIDCOMM\Bluetooth Software\syswow64;C:\Program Files\Intel\Intel(R) Management Engine Components\DAL;C:\Program Files\Intel\Intel(R) Management Engine Components\IPT;C:\Program Files (x86)\Intel\Intel(R) Management Engine Components\DAL;C:\Program Files (x86)\Intel\Intel(R) Management Engine Components\IPT;C:\Program Files\Intel\WiFi\bin\;C:\Program Files\Common Files\Intel\WirelessCommon\;C:\Program Files (x86)\Intel\OpenCL SDK\2.0\bin\x86;C:\Program Files (x86)\Intel\OpenCL SDK\2.0\bin\x64;C:\Program Files (x86)\Common Files\Roxio Shared\DLLShared\;C:\Program Files (x86)\Common Files\Roxio Shared\OEM\DLLShared\;C:\Program Files (x86)\Common Files\Roxio Shared\OEM\DLLShared\;C:\Program Files (x86)\Common Files\Roxio Shared\OEM\12.0\DLLShared\;C:\Program Files (x86)\Roxio\OEM\AudioCore\;C:\timwe\tools\maven\bin;c:\timwe\java\jre\bin;c:\timwe\tools\ant\bin;C:\Program Files\nodejs\;C:\Program Files (x86)\QuickTime\QTSystem\;C:\Users\yoong.han\AppData\Roaming\npm"/>
    <property name="java.specification.name" value="Java Platform API Specification"/>
    <property name="java.class.version" value="50.0"/>
    <property name="sun.management.compiler" value="HotSpot 64-Bit Server Compiler"/>
    <property name="os.version" value="6.1"/>
    <property name="user.home" value="C:\Users\yoong.han"/>
    <property name="user.timezone" value="Europe/London"/>
    <property name="java.awt.printerjob" value="sun.awt.windows.WPrinterJob"/>
    <property name="file.encoding" value="Cp1252"/>
    <property name="java.specification.version" value="1.6"/>
    <property name="user.name" value="yoong.han"/>
    <property name="java.class.path" value="/C:/timwe/ide/eclipse2/configuration/org.eclipse.osgi/bundles/782/1/.cp/jars/plexus-classworlds-2.4.jar"/>
    <property name="java.vm.specification.version" value="1.0"/>
    <property name="sun.arch.data.model" value="64"/>
    <property name="java.home" value="C:\timwe\java\jdk\jre"/>
    <property name="java.specification.vendor" value="Sun Microsystems Inc."/>
    <property name="user.language" value="en"/>
    <property name="awt.toolkit" value="sun.awt.windows.WToolkit"/>
    <property name="java.vm.info" value="mixed mode"/>
    <property name="java.version" value="1.6.0_24"/>
    <property name="java.ext.dirs" value="C:\timwe\java\jdk\jre\lib\ext;C:\windows\Sun\Java\lib\ext"/>
    <property name="sun.boot.class.path" value="C:\timwe\java\jdk\jre\lib\resources.jar;C:\timwe\java\jdk\jre\lib\rt.jar;C:\timwe\java\jdk\jre\lib\sunrsasign.jar;C:\timwe\java\jdk\jre\lib\jsse.jar;C:\timwe\java\jdk\jre\lib\jce.jar;C:\timwe\java\jdk\jre\lib\charsets.jar;C:\timwe\java\jdk\jre\lib\modules\jdk.boot.jar;C:\timwe\java\jdk\jre\classes"/>
    <property name="java.vendor" value="Sun Microsystems Inc."/>
    <property name="maven.home" value="C:\timwe\workspace\pim_new\util-my-celcom-sg-inmemory-search\EMBEDDED"/>
    <property name="file.separator" value="\"/>
    <property name="java.vendor.url.bug" value="http://java.sun.com/cgi-bin/bugreport.cgi"/>
    <property name="sun.cpu.endian" value="little"/>
    <property name="sun.io.unicode.encoding" value="UnicodeLittle"/>
    <property name="sun.desktop" value="windows"/>
    <property name="sun.cpu.isalist" value="amd64"/>
  </properties>
  <testcase time="0.295" classname="search.TestCases" name="searchLast20Records"/>
  <testcase time="0.087" classname="search.TestCases" name="searchObjectTypeLastRecord"/>
  <testcase time="0.01" classname="search.TestCases" name="searchLastRecord"/>
  <testcase time="0.009" classname="search.TestCases" name="searchOverLast20Records"/>
  <testcase time="0.007" classname="search.TestCases" name="searchFirst20Records"/>
  <testcase time="0.007" classname="search.TestCases" name="searchValidCounts"/>
  <testcase time="0.006" classname="search.TestCases" name="searchErrorCounts"/>
  <testcase time="0.006" classname="search.TestCases" name="searchThreeKeysWithValidCounts"/>
  <testcase time="0.005" classname="search.TestCases" name="searchMiddle20Records"/>
</testsuite>